[2026-04-09 23:38:58] ==================================================
[2026-04-09 23:38:58] 🚀 rtings_scraper started
[2026-04-09 23:38:58] 📋 Scraping 20 models
  💤 random delay 12.9s
[2026-04-09 23:39:12]   ⚠ parse failed asus/rog-swift-oled-pg27ucdm
  💤 random delay 12.9s
[2026-04-09 23:39:25]   ⚠ parse failed gigabyte/mo27q28g
  💤 random delay 5.0s
[2026-04-09 23:39:31]   ⚠ parse failed dell/u2725qe
  💤 random delay 10.7s
[2026-04-09 23:39:42]   ⚠ parse failed lg/24gs65f-b
  💤 random delay 4.0s
[2026-04-09 23:39:47]   ⚠ parse failed aoc/q27g40xmn
  💤 random delay 10.0s
[2026-04-09 23:39:58]   ⚠ parse failed samsung/odyssey-oled-g6-g60sd-s27dg60
  💤 random delay 10.2s
[2026-04-09 23:40:09]   ⚠ parse failed dell/alienware-aw3425dw
  💤 random delay 3.6s
[2026-04-09 23:40:13]   ⚠ parse failed dell/alienware-aw2725df
  💤 random delay 11.9s
[2026-04-09 23:40:25]   ⚠ parse failed asus/rog-strix-oled-xg27aqdmg
  💤 random delay 5.6s
[2026-04-09 23:40:31]   ⚠ fetch error asus/rog-strix-oled-xg27aqwm: HTTP Error 404: Not Found
  💤 random delay 5.1s
[2026-04-09 23:40:37]   ⚠ parse failed asus/rog-strix-oled-xg27acdng
  💤 random delay 4.8s
[2026-04-09 23:40:42]   ⚠ parse failed acer/nitro-xv275k-p5biipruzx
  💤 random delay 7.6s
[2026-04-09 23:40:50]   ⚠ parse failed lg/27gx790b-b
  💤 random delay 6.1s
[2026-04-09 23:40:57]   ⚠ parse failed dell/p2425h
  💤 random delay 14.8s
[2026-04-09 23:41:12]   ⚠ parse failed viewsonic/xg2431
  💤 random delay 7.2s
[2026-04-09 23:41:20]   ⚠ parse failed dell/alienware-aw3225qf
  💤 random delay 11.7s
[2026-04-09 23:41:33]   ⚠ parse failed dell/s3225qc
  💤 random delay 6.1s
[2026-04-09 23:41:39]   ⚠ parse failed dell/s2725qc
  💤 random delay 14.8s
[2026-04-09 23:41:54]   ⚠ parse failed asus/proart-display-pa279crv
  💤 random delay 6.7s
[2026-04-09 23:42:02]   ⚠ parse failed aoc/q27g3xmn
[2026-04-09 23:42:02] ✅ Done — added:0 updated:0 errors:20
Y_FAILED] certificate verify failed: unable to get local issuer certificate (_ssl.c:997)>
  💤 random delay 5.5s
[2026-04-09 23:39:43]   ⚠ fetch error dell/s2725qc: <urlopen error [SSL: CERTIFICATE_VERIFY_FAILED] certificate verify failed: unable to get local issuer certificate (_ssl.c:997)>
  💤 random delay 9.7s
[2026-04-09 23:39:53]   ⚠ fetch error asus/rog-strix-oled-xg27aqdmg: <urlopen error [SSL: CERTIFICATE_VERIFY_FAILED] certificate verify failed: unable to get local issuer certificate (_ssl.c:997)>
  💤 random delay 9.9s
[2026-04-09 23:40:02]   ⚠ fetch error viewsonic/xg2431: <urlopen error [SSL: CERTIFICATE_VERIFY_FAILED] certificate verify failed: unable to get local issuer certificate (_ssl.c:997)>
  💤 random delay 10.6s
[2026-04-09 23:40:13]   ⚠ fetch error asus/rog-strix-oled-xg27acdng: <urlopen error [SSL: CERTIFICATE_VERIFY_FAILED] certificate verify failed: unable to get local issuer certificate (_ssl.c:997)>
  💤 random delay 12.2s
[2026-04-09 23:40:25]   ⚠ fetch error asus/rog-swift-oled-pg27ucdm: <urlopen error [SSL: CERTIFICATE_VERIFY_FAILED] certificate verify failed: unable to get local issuer certificate (_ssl.c:997)>
  💤 random delay 5.5s
[2026-04-09 23:40:31]   ⚠ fetch error dell/alienware-aw3425dw: <urlopen error [SSL: CERTIFICATE_VERIFY_FAILED] certificate verify failed: unable to get local issuer certificate (_ssl.c:997)>
  💤 random delay 8.8s
[2026-04-09 23:40:40]   ⚠ fetch error asus/rog-strix-oled-xg27aqwm: <urlopen error [SSL: CERTIFICATE_VERIFY_FAILED] certificate verify failed: unable to get local issuer certificate (_ssl.c:997)>
  💤 random delay 2.1s
[2026-04-09 23:40:42]   ⚠ fetch error dell/u2725qe: <urlopen error [SSL: CERTIFICATE_VERIFY_FAILED] certificate verify failed: unable to get local issuer certificate (_ssl.c:997)>
  💤 random delay 6.7s
[2026-04-09 23:40:49]   ⚠ fetch error acer/nitro-xv275k-p5biipruzx: <urlopen error [SSL: CERTIFICATE_VERIFY_FAILED] certificate verify failed: unable to get local issuer certificate (_ssl.c:997)>
  💤 random delay 4.7s
[2026-04-09 23:40:54]   ⚠ fetch error dell/p2425h: <urlopen error [SSL: CERTIFICATE_VERIFY_FAILED] certificate verify failed: unable to get local issuer certificate (_ssl.c:997)>
  💤 random delay 6.5s
[2026-04-09 23:41:00]   ⚠ fetch error lg/27gx790b-b: <urlopen error [SSL: CERTIFICATE_VERIFY_FAILED] certificate verify failed: unable to get local issuer certificate (_ssl.c:997)>
[2026-04-09 23:41:00] ✅ Done — added:0 updated:0 errors:20
