[2026-04-09 23:38:20] ==================================================
[2026-04-09 23:38:20] 🚀 rtings_scraper started
[2026-04-09 23:38:20] 📋 Scraping 20 models
[2026-04-09 23:38:35]   ⚠ fetch error lg/24gs65f-b: <urlopen error [SSL: CERTIFICATE_VERIFY_FAILED] certificate verify failed: unable to get local issuer certificate (_ssl.c:997)>
[2026-04-09 23:38:41]   ⚠ fetch error asus/proart-display-pa279crv: <urlopen error [SSL: CERTIFICATE_VERIFY_FAILED] certificate verify failed: unable to get local issuer certificate (_ssl.c:997)>
[2026-04-09 23:38:47]   ⚠ fetch error dell/s3225qc: <urlopen error [SSL: CERTIFICATE_VERIFY_FAILED] certificate verify failed: unable to get local issuer certificate (_ssl.c:997)>
[2026-04-09 23:38:51]   ⚠ fetch error samsung/odyssey-oled-g6-g60sd-s27dg60: <urlopen error [SSL: CERTIFICATE_VERIFY_FAILED] certificate verify failed: unable to get local issuer certificate (_ssl.c:997)>
[2026-04-09 23:38:58] ==================================================
[2026-04-09 23:38:58] 🚀 rtings_scraper started
[2026-04-09 23:38:58] 📋 Scraping 20 models
[2026-04-09 23:39:01]   ⚠ fetch error dell/alienware-aw2725df: <urlopen error [SSL: CERTIFICATE_VERIFY_FAILED] certificate verify failed: unable to get local issuer certificate (_ssl.c:997)>
[2026-04-09 23:39:08]   ⚠ fetch error gigabyte/mo27q28g: <urlopen error [SSL: CERTIFICATE_VERIFY_FAILED] certificate verify failed: unable to get local issuer certificate (_ssl.c:997)>
[2026-04-09 23:39:12]   ⚠ parse failed asus/rog-swift-oled-pg27ucdm
[2026-04-09 23:39:17]   ⚠ fetch error aoc/q27g40xmn: <urlopen error [SSL: CERTIFICATE_VERIFY_FAILED] certificate verify failed: unable to get local issuer certificate (_ssl.c:997)>
[2026-04-09 23:39:25]   ⚠ parse failed gigabyte/mo27q28g
[2026-04-09 23:39:29]   ⚠ fetch error aoc/q27g3xmn: <urlopen error [SSL: CERTIFICATE_VERIFY_FAILED] certificate verify failed: unable to get local issuer certificate (_ssl.c:997)>
[2026-04-09 23:39:31]   ⚠ parse failed dell/u2725qe
[2026-04-09 23:39:37]   ⚠ fetch error dell/alienware-aw3225qf: <urlopen error [SSL: CERTIFICATE_VERIFY_FAILED] certificate verify failed: unable to get local issuer certificate (_ssl.c:997)>
[2026-04-09 23:39:42]   ⚠ parse failed lg/24gs65f-b
[2026-04-09 23:39:43]   ⚠ fetch error dell/s2725qc: <urlopen error [SSL: CERTIFICATE_VERIFY_FAILED] certificate verify failed: unable to get local issuer certificate (_ssl.c:997)>
[2026-04-09 23:39:47]   ⚠ parse failed aoc/q27g40xmn
[2026-04-09 23:39:53]   ⚠ fetch error asus/rog-strix-oled-xg27aqdmg: <urlopen error [SSL: CERTIFICATE_VERIFY_FAILED] certificate verify failed: unable to get local issuer certificate (_ssl.c:997)>
[2026-04-09 23:39:58]   ⚠ parse failed samsung/odyssey-oled-g6-g60sd-s27dg60
[2026-04-09 23:40:02]   ⚠ fetch error viewsonic/xg2431: <urlopen error [SSL: CERTIFICATE_VERIFY_FAILED] certificate verify failed: unable to get local issuer certificate (_ssl.c:997)>
[2026-04-09 23:40:09]   ⚠ parse failed dell/alienware-aw3425dw
[2026-04-09 23:40:13]   ⚠ parse failed dell/alienware-aw2725df
[2026-04-09 23:40:13]   ⚠ fetch error asus/rog-strix-oled-xg27acdng: <urlopen error [SSL: CERTIFICATE_VERIFY_FAILED] certificate verify failed: unable to get local issuer certificate (_ssl.c:997)>
[2026-04-09 23:40:25]   ⚠ parse failed asus/rog-strix-oled-xg27aqdmg
[2026-04-09 23:40:25]   ⚠ fetch error asus/rog-swift-oled-pg27ucdm: <urlopen error [SSL: CERTIFICATE_VERIFY_FAILED] certificate verify failed: unable to get local issuer certificate (_ssl.c:997)>
[2026-04-09 23:40:31]   ⚠ fetch error dell/alienware-aw3425dw: <urlopen error [SSL: CERTIFICATE_VERIFY_FAILED] certificate verify failed: unable to get local issuer certificate (_ssl.c:997)>
[2026-04-09 23:40:31]   ⚠ fetch error asus/rog-strix-oled-xg27aqwm: HTTP Error 404: Not Found
[2026-04-09 23:40:37]   ⚠ parse failed asus/rog-strix-oled-xg27acdng
[2026-04-09 23:40:40]   ⚠ fetch error asus/rog-strix-oled-xg27aqwm: <urlopen error [SSL: CERTIFICATE_VERIFY_FAILED] certificate verify failed: unable to get local issuer certificate (_ssl.c:997)>
[2026-04-09 23:40:42]   ⚠ fetch error dell/u2725qe: <urlopen error [SSL: CERTIFICATE_VERIFY_FAILED] certificate verify failed: unable to get local issuer certificate (_ssl.c:997)>
[2026-04-09 23:40:42]   ⚠ parse failed acer/nitro-xv275k-p5biipruzx
[2026-04-09 23:40:49]   ⚠ fetch error acer/nitro-xv275k-p5biipruzx: <urlopen error [SSL: CERTIFICATE_VERIFY_FAILED] certificate verify failed: unable to get local issuer certificate (_ssl.c:997)>
[2026-04-09 23:40:50]   ⚠ parse failed lg/27gx790b-b
[2026-04-09 23:40:54]   ⚠ fetch error dell/p2425h: <urlopen error [SSL: CERTIFICATE_VERIFY_FAILED] certificate verify failed: unable to get local issuer certificate (_ssl.c:997)>
[2026-04-09 23:40:57]   ⚠ parse failed dell/p2425h
[2026-04-09 23:41:00]   ⚠ fetch error lg/27gx790b-b: <urlopen error [SSL: CERTIFICATE_VERIFY_FAILED] certificate verify failed: unable to get local issuer certificate (_ssl.c:997)>
[2026-04-09 23:41:00] ✅ Done — added:0 updated:0 errors:20
[2026-04-09 23:41:12]   ⚠ parse failed viewsonic/xg2431
[2026-04-09 23:41:20]   ⚠ parse failed dell/alienware-aw3225qf
[2026-04-09 23:41:33]   ⚠ parse failed dell/s3225qc
[2026-04-09 23:41:39]   ⚠ parse failed dell/s2725qc
[2026-04-09 23:41:54]   ⚠ parse failed asus/proart-display-pa279crv
[2026-04-09 23:42:02]   ⚠ parse failed aoc/q27g3xmn
[2026-04-09 23:42:02] ✅ Done — added:0 updated:0 errors:20
[2026-04-09 23:47:32] ==================================================
[2026-04-09 23:47:32] 🚀 rtings_scraper v4 started
[2026-04-09 23:47:32] 📋 Scraping 20 monitors
[2026-04-09 23:47:44]   ℹ skipped apple/studio-display (not in DB)
[2026-04-09 23:47:58]   ✅ updated Dell S3225QC
[2026-04-09 23:48:06]   ✅ updated Samsung Odyssey G5 G50D S27DG50
[2026-04-09 23:48:14]   ✅ updated Dell U4025QW
[2026-04-09 23:50:42]   ✅ updated LG 27GX700A-B
[2026-04-09 23:50:53] ==================================================
[2026-04-09 23:50:53] 🚀 rtings_scraper v4 started
[2026-04-09 23:50:53] 📋 Scraping 20 monitors
[2026-04-09 23:50:54]   ✅ updated ASUS ProArt Display PA279CRV
[2026-04-09 23:51:08]   ✅ updated Dell Alienware AW2725DM
[2026-04-09 23:51:09] ==================================================
[2026-04-09 23:51:09] 🚀 rtings_scraper v4 started
[2026-04-09 23:51:09] 📋 Scraping 20 monitors
[2026-04-09 23:51:12]   ℹ skipped lg/27gx790b-b (not in DB)
[2026-04-09 23:51:17]   ✅ updated LG 24GS65F-B
[2026-04-09 23:51:23]   ✅ updated ASUS ROG Strix XG17AHPE
[2026-04-09 23:59:39]   ✅ updated Samsung Odyssey G7 C32G75T
[2026-04-10 00:06:20] ==================================================
[2026-04-10 00:06:20] 🚀 rtings_scraper v6 — Detail Fetcher
[2026-04-10 00:06:20] 📊 DB: 60 total | 0 with specs | 60 need specs
[2026-04-10 00:06:20] 📋 Fetching details for 25 monitors
[2026-04-10 00:06:34]   ⚠ no data: Dell Alienware AW3225QF
[2026-04-10 00:06:39]   ⚠ no data: Dell S2725DC
[2026-04-10 00:06:50]   ⚠ no data: Dell Alienware AW2725DM
[2026-04-10 00:06:54]   ⚠ no data: ASUS ROG Swift OLED PG27UCDM
[2026-04-10 00:07:06]   ⚠ no data: espresso Display 15 Touch
[2026-04-10 00:07:21]   ⚠ no data: LG 24GS65F-B
[2026-04-10 00:07:31]   ⚠ no data: Samsung Odyssey OLED G60SD S27DG602S
[2026-04-10 00:07:41]   ⚠ no data: Dell U2725QE
[2026-04-10 00:07:44]   ⚠ no data: ASUS ROG Swift PG279QM
[2026-04-10 00:07:48]   ⚠ no data: LG 32GS95UE-B
[2026-04-10 00:08:04]   ⚠ no data: Dell Alienware AW3425DW
[2026-04-10 00:08:15]   ⚠ no data: Samsung Odyssey G7 C32G75T
[2026-04-10 00:11:16] ==================================================
[2026-04-10 00:11:16] 🚀 rtings_scraper v7 — Smart Detail Fetcher
[2026-04-10 00:11:16] 📊 DB: 60 total | 0 with basic specs | 60 need specs
[2026-04-10 00:11:16] 📋 Processing 21 monitors
[2026-04-10 00:20:50] ==================================================
[2026-04-10 00:20:50] 🚀 rtings_scraper v7 — Smart Detail Fetcher
[2026-04-10 00:20:50] 📊 DB: 144 total | 60 with basic specs | 84 need specs
[2026-04-10 00:20:50] 📋 Processing 22 monitors
[2026-04-10 00:21:36] ==================================================
[2026-04-10 00:21:36] 🚀 rtings_scraper v7 — Smart Detail Fetcher
[2026-04-10 00:21:36] 📊 DB: 144 total | 60 with basic specs | 84 need specs
[2026-04-10 00:21:36] 📋 Processing 21 monitors
[2026-04-10 00:24:53] ✅ Done — updated:21 errors:0
[2026-04-10 00:53:59] ==================================================
[2026-04-10 00:53:59] 🚀 rtings_scraper v7 — Smart Detail Fetcher
[2026-04-10 00:53:59] 📊 DB: 144 total | 60 with basic specs | 84 need specs
[2026-04-10 00:53:59] 📋 Processing 25 monitors
[2026-04-10 00:58:17] ✅ Done — updated:25 errors:0
[2026-04-10 01:23:57] ==================================================
[2026-04-10 01:23:57] 🚀 rtings_scraper v7 — Smart Detail Fetcher
[2026-04-10 01:23:57] 📊 DB: 144 total | 60 with basic specs | 84 need specs
[2026-04-10 01:23:57] 📋 Processing 24 monitors
[2026-04-10 01:26:37] ==================================================
[2026-04-10 01:26:37] 🚀 rtings_scraper v7 — Smart Detail Fetcher
[2026-04-10 01:26:37] 📊 DB: 144 total | 60 with basic specs | 84 need specs
[2026-04-10 01:26:37] 📋 Processing 20 monitors
[2026-04-10 01:32:20] ==================================================
[2026-04-10 01:32:20] 🚀 rtings_scraper v7 — Smart Detail Fetcher
[2026-04-10 01:32:20] 📊 DB: 144 total | 60 with basic specs | 84 need specs
[2026-04-10 01:32:20] 📋 Processing 23 monitors
[2026-04-10 01:36:27] ✅ Done — updated:23 errors:0
[2026-04-10 01:58:08] ==================================================
[2026-04-10 01:58:08] 🚀 rtings_scraper v7 — Smart Detail Fetcher
[2026-04-10 01:58:08] 📊 DB: 144 total | 60 with basic specs | 84 need specs
[2026-04-10 01:58:08] 📋 Processing 25 monitors
[2026-04-10 02:01:34] ✅ Done — updated:25 errors:0
[2026-04-10 02:28:07] ==================================================
[2026-04-10 02:28:07] 🚀 rtings_scraper v7 — Smart Detail Fetcher
[2026-04-10 02:28:07] 📊 DB: 144 total | 60 with basic specs | 84 need specs
[2026-04-10 02:28:07] 📋 Processing 23 monitors
[2026-04-10 02:31:30] ==================================================
[2026-04-10 02:31:30] 🚀 rtings_scraper v7 — Smart Detail Fetcher
[2026-04-10 02:31:30] 📊 DB: 144 total | 60 with basic specs | 84 need specs
[2026-04-10 02:31:30] 📋 Processing 22 monitors
[2026-04-10 02:34:41] ✅ Done — updated:22 errors:0
[2026-04-10 02:59:39] ==================================================
[2026-04-10 02:59:39] 🚀 rtings_scraper v7 — Smart Detail Fetcher
[2026-04-10 02:59:39] 📊 DB: 144 total | 60 with basic specs | 84 need specs
[2026-04-10 02:59:39] 📋 Processing 25 monitors
[2026-04-10 03:03:45] ✅ Done — updated:25 errors:0
[2026-04-10 03:35:10] ==================================================
[2026-04-10 03:35:10] 🚀 rtings_scraper v7 — Smart Detail Fetcher
[2026-04-10 03:35:10] 📊 DB: 144 total | 60 with basic specs | 84 need specs
[2026-04-10 03:35:10] 📋 Processing 24 monitors
[2026-04-10 03:38:42] ==================================================
[2026-04-10 03:38:42] 🚀 rtings_scraper v7 — Smart Detail Fetcher
[2026-04-10 03:38:42] 📊 DB: 144 total | 60 with basic specs | 84 need specs
[2026-04-10 03:38:42] 📋 Processing 25 monitors
[2026-04-10 03:42:22] ✅ Done — updated:25 errors:0
[2026-04-10 04:04:56] ==================================================
[2026-04-10 04:04:56] 🚀 rtings_scraper v7 — Smart Detail Fetcher
[2026-04-10 04:04:56] 📊 DB: 144 total | 60 with basic specs | 84 need specs
[2026-04-10 04:04:56] 📋 Processing 25 monitors
[2026-04-10 04:08:26] ✅ Done — updated:25 errors:0
[2026-04-10 04:34:42] ==================================================
[2026-04-10 04:34:42] 🚀 rtings_scraper v7 — Smart Detail Fetcher
[2026-04-10 04:34:42] 📊 DB: 144 total | 60 with basic specs | 84 need specs
[2026-04-10 04:34:42] 📋 Processing 22 monitors
[2026-04-10 04:38:07] ✅ Done — updated:22 errors:0
[2026-04-10 05:15:34] ==================================================
[2026-04-10 05:15:34] 🚀 rtings_scraper v7 — Smart Detail Fetcher
[2026-04-10 05:15:34] 📊 DB: 144 total | 60 with basic specs | 84 need specs
[2026-04-10 05:15:34] 📋 Processing 21 monitors
[2026-04-10 05:18:37] ✅ Done — updated:21 errors:0
[2026-04-10 05:45:32] ==================================================
[2026-04-10 05:45:32] 🚀 rtings_scraper v7 — Smart Detail Fetcher
[2026-04-10 05:45:32] 📊 DB: 144 total | 60 with basic specs | 84 need specs
[2026-04-10 05:45:32] 📋 Processing 20 monitors
[2026-04-10 05:48:50] ✅ Done — updated:20 errors:0
[2026-04-10 06:15:24] ==================================================
[2026-04-10 06:15:24] 🚀 rtings_scraper v7 — Smart Detail Fetcher
[2026-04-10 06:15:24] 📊 DB: 144 total | 60 with basic specs | 84 need specs
[2026-04-10 06:15:24] 📋 Processing 21 monitors
[2026-04-10 06:18:51] ==================================================
[2026-04-10 06:18:51] 🚀 rtings_scraper v7 — Smart Detail Fetcher
[2026-04-10 06:18:51] 📊 DB: 144 total | 60 with basic specs | 84 need specs
[2026-04-10 06:18:51] 📋 Processing 24 monitors
[2026-04-10 06:22:17] ✅ Done — updated:24 errors:0
[2026-04-10 06:45:23] ==================================================
[2026-04-10 06:45:23] 🚀 rtings_scraper v7 — Smart Detail Fetcher
[2026-04-10 06:45:23] 📊 DB: 144 total | 60 with basic specs | 84 need specs
[2026-04-10 06:45:23] 📋 Processing 23 monitors
[2026-04-10 06:49:43] ✅ Done — updated:23 errors:0
[2026-04-10 07:15:27] ==================================================
[2026-04-10 07:15:27] 🚀 rtings_scraper v7 — Smart Detail Fetcher
[2026-04-10 07:15:27] 📊 DB: 144 total | 60 with basic specs | 84 need specs
[2026-04-10 07:15:27] 📋 Processing 23 monitors
[2026-04-10 07:17:47] ==================================================
[2026-04-10 07:17:47] 🚀 rtings_scraper v7 — Smart Detail Fetcher
[2026-04-10 07:17:47] 📊 DB: 144 total | 60 with basic specs | 84 need specs
[2026-04-10 07:17:47] 📋 Processing 21 monitors
[2026-04-10 07:21:00] ✅ Done — updated:21 errors:0
[2026-04-10 21:13:10] ==================================================
[2026-04-10 21:13:10] 🚀 rtings_scraper v7 — Smart Detail Fetcher
[2026-04-10 21:13:10] 📊 DB: 144 total | 60 with basic specs | 84 need specs
[2026-04-10 21:13:10] 📋 Processing 23 monitors
[2026-04-10 21:15:15] ==================================================
[2026-04-10 21:15:15] 🚀 rtings_scraper v7 — Smart Detail Fetcher
[2026-04-10 21:15:15] 📊 DB: 144 total | 60 with basic specs | 84 need specs
[2026-04-10 21:15:15] 📋 Processing 21 monitors
[2026-04-10 21:17:14] ==================================================
[2026-04-10 21:17:14] 🚀 rtings_scraper v7 — Smart Detail Fetcher
[2026-04-10 21:17:14] 📊 DB: 144 total | 60 with basic specs | 84 need specs
[2026-04-10 21:17:14] 📋 Processing 20 monitors
[2026-04-10 21:46:02]   ⚠ no data: Corsair Corsair XENEON FLEX 45WQHD240
[2026-04-10 21:46:52] ✅ Done — updated:19 errors:1
[2026-04-10 21:48:11] ==================================================
[2026-04-10 21:48:11] 🚀 rtings_scraper v7 — Smart Detail Fetcher
[2026-04-10 21:48:11] 📊 DB: 144 total | 60 with basic specs | 84 need specs
[2026-04-10 21:48:11] 📋 Processing 21 monitors
[2026-04-10 21:51:25] ✅ Done — updated:21 errors:0
[2026-04-10 22:19:16] ==================================================
[2026-04-10 22:19:16] 🚀 rtings_scraper v7 — Smart Detail Fetcher
[2026-04-10 22:19:16] 📊 DB: 144 total | 60 with basic specs | 84 need specs
[2026-04-10 22:19:16] 📋 Processing 22 monitors
[2026-04-10 22:21:22] ==================================================
[2026-04-10 22:21:22] 🚀 rtings_scraper v7 — Smart Detail Fetcher
[2026-04-10 22:21:22] 📊 DB: 144 total | 60 with basic specs | 84 need specs
[2026-04-10 22:21:22] 📋 Processing 22 monitors
[2026-04-10 22:24:22] ==================================================
[2026-04-10 22:24:22] 🚀 rtings_scraper v7 — Smart Detail Fetcher
[2026-04-10 22:24:22] 📊 DB: 144 total | 60 with basic specs | 84 need specs
[2026-04-10 22:24:22] 📋 Processing 21 monitors
[2026-04-10 22:27:31] ✅ Done — updated:21 errors:0
[2026-04-10 22:50:07] ==================================================
[2026-04-10 22:50:07] 🚀 rtings_scraper v7 — Smart Detail Fetcher
[2026-04-10 22:50:07] 📊 DB: 144 total | 60 with basic specs | 84 need specs
[2026-04-10 22:50:07] 📋 Processing 24 monitors
[2026-04-10 22:52:40] ==================================================
[2026-04-10 22:52:40] 🚀 rtings_scraper v7 — Smart Detail Fetcher
[2026-04-10 22:52:40] 📊 DB: 144 total | 60 with basic specs | 84 need specs
[2026-04-10 22:52:40] 📋 Processing 20 monitors
[2026-04-10 22:55:27] ✅ Done — updated:20 errors:0
[2026-04-10 22:58:04] ==================================================
[2026-04-10 22:58:04] rtings_scraper v7b — list page parser
[2026-04-10 22:58:04] DB: 144 total | 60 with basic specs | 84 need specs
[2026-04-10 22:58:04] Fetching list page (contains all product data)...
[2026-04-10 22:58:04] Found 20 products in data-props block
[2026-04-10 22:58:04] Extracted specs for 20 monitors
[2026-04-10 22:58:04]   ⚠ no match: Dell Dell G2725D (slug=dell/g2725d)
[2026-04-10 22:58:04]   ⚠ no match: Samsung Samsung Odyssey G7 C32G75T (slug=samsung/odyssey-g7-c32g75t)
[2026-04-10 22:58:04]   ⚠ no match: Dell Dell U2725QE (slug=dell/u2725qe)
[2026-04-10 22:58:04]   ⚠ no match: Dell Dell Alienware AW3423DWF (slug=dell/alienware-aw3423dwf)
[2026-04-10 22:58:04]   ⚠ no match: BenQ BenQ PD3225U (slug=benq/pd3225u)
[2026-04-10 22:58:04]   ⚠ no match: Acer Acer Predator XB273U GXbmiipruzx (slug=acer/predator-xb273u-gxbmiipruzx)
[2026-04-10 22:58:04]   ⚠ no match: ASUS ASUS ROG Strix OLED XG27AQDMG (slug=asus/rog-strix-oled-xg27aqdmg)
[2026-04-10 22:58:04]   ⚠ no match: Dell Dell G2524H (slug=dell/g2524h)
[2026-04-10 22:58:04]   ⚠ no match: ASUS ASUS VG279QM (slug=asus/vg279qm)
[2026-04-10 22:58:04]   ⚠ no match: AOC AOC Q27G3XMN (slug=aoc/q27g3xmn)
[2026-04-10 22:58:04]   ⚠ no match: MSI MSI Optix MAG274QRF-QD (slug=msi/optix-mag274qrf-qd)
[2026-04-10 22:58:04]   ⚠ no match: ASUS ASUS ROG Swift OLED PG32UCDM (slug=asus/rog-swift-oled-pg32ucdm)
[2026-04-10 22:58:04]   ⚠ no match: Samsung Samsung Smart Monitor M80D S32DM80 (slug=samsung/smart-monitor-m8-m80d-s32dm80)
[2026-04-10 22:58:04]   ⚠ no match: Dell Dell S2725QC (slug=dell/s2725qc)
[2026-04-10 22:58:04]   ⚠ no match: Dell Dell Alienware AW3225DM (slug=dell/alienware-aw3225dm)
[2026-04-10 22:58:04]   ⚠ no match: MSI MSI MPG 341CQPX QD-OLED (slug=msi/mpg-341cqpx-qd-oled)
[2026-04-10 22:58:04]   ⚠ no match: Dell Dell U3225QE (slug=dell/u3225qe)
[2026-04-10 22:58:04]   ⚠ no match: Sony Sony INZONE M9 II (slug=sony/inzone-m9-ii)
[2026-04-10 22:58:04]   ⚠ no match: BenQ BenQ MOBIUZ EX321UX (slug=benq/mobiuz-ex321ux)
[2026-04-10 22:58:04]   ⚠ no match: LG LG C5 42 OLED (slug=lg/c5-42-oled)
[2026-04-10 22:58:04]   ⚠ no match: Samsung Samsung Odyssey G70D S32DG70 (slug=samsung/odyssey-g70d-s32dg70)
[2026-04-10 22:58:04]   ⚠ no match: Dell Dell S2725QS (slug=dell/s2725qs)
[2026-04-10 22:58:04]   ⚠ no match: Dell Dell Alienware AW2725QF (slug=dell/alienware-aw2725qf)
[2026-04-10 22:58:04]   ⚠ no match: ASUS ASUS ROG Strix OLED XG32UCWMG (slug=asus/rog-strix-oled-xg32ucwmg)
[2026-04-10 22:58:04]   ⚠ no match: AOC AOC Q27G40XMN (slug=aoc/q27g40xmn)
[2026-04-10 22:58:04] ✅ Done — updated:0 errors:25
[2026-04-10 23:20:05] ==================================================
[2026-04-10 23:20:05] 🚀 rtings_scraper v7 — Smart Detail Fetcher
[2026-04-10 23:20:05] 📊 DB: 144 total | 60 with basic specs | 84 need specs
[2026-04-10 23:20:05] 📋 Processing 20 monitors
[2026-04-10 23:23:19] ==================================================
[2026-04-10 23:23:19] 🚀 rtings_scraper v7 — Smart Detail Fetcher
[2026-04-10 23:23:19] 📊 DB: 94 total | 60 with basic specs | 34 need specs
[2026-04-10 23:23:19] 📋 Processing 23 monitors
[2026-04-10 23:25:29] ==================================================
[2026-04-10 23:25:29] 🚀 rtings_scraper v7 — Smart Detail Fetcher
[2026-04-10 23:25:29] 📊 DB: 94 total | 60 with basic specs | 34 need specs
[2026-04-10 23:25:29] 📋 Processing 23 monitors
[2026-04-10 23:29:01] ✅ Done — updated:23 errors:0
[2026-04-10 23:50:08] ==================================================
[2026-04-10 23:50:08] 🚀 rtings_scraper v7 — Smart Detail Fetcher
[2026-04-10 23:50:08] 📊 DB: 94 total | 60 with basic specs | 34 need specs
[2026-04-10 23:50:08] 📋 Processing 25 monitors
[2026-04-10 23:52:15] ==================================================
[2026-04-10 23:52:15] 🚀 rtings_scraper v7 — Smart Detail Fetcher
[2026-04-10 23:52:15] 📊 DB: 94 total | 60 with basic specs | 34 need specs
[2026-04-10 23:52:15] 📋 Processing 21 monitors
[2026-04-10 23:52:32] ==================================================
[2026-04-10 23:52:32] 🚀 rtings_scraper v7 — Smart Detail Fetcher
[2026-04-10 23:52:32] 📊 DB: 94 total | 60 with basic specs | 34 need specs
[2026-04-10 23:52:32] 📋 Processing 25 monitors
[2026-04-10 23:53:11] ==================================================
[2026-04-10 23:53:11] 🚀 rtings_scraper v7 — Smart Detail Fetcher
[2026-04-10 23:53:11] 📊 DB: 94 total | 60 with basic specs | 34 need specs
[2026-04-10 23:53:11] 📋 Processing 25 monitors
[2026-04-10 23:56:04] ✅ Done — updated:25 errors:0
[2026-04-10 23:58:51] ==================================================
[2026-04-10 23:58:51] 🚀 rtings_scraper v7 — Smart Detail Fetcher
[2026-04-10 23:58:51] 📊 DB: 94 total | 60 with basic specs | 34 need specs
[2026-04-10 23:58:51] 📋 Processing 22 monitors
[2026-04-11 00:02:08] ✅ Done — updated:22 errors:0
[2026-04-11 00:20:08] ==================================================
[2026-04-11 00:20:08] 🚀 rtings_scraper v7 — Smart Detail Fetcher
[2026-04-11 00:20:08] 📊 DB: 94 total | 79 with basic specs | 15 need specs
[2026-04-11 00:20:08] 📋 Processing 15 monitors
[2026-04-11 00:22:16] ✅ Done — updated:15 errors:0
[2026-04-11 00:51:46] ==================================================
[2026-04-11 00:51:46] 🚀 rtings_scraper v7 — Smart Detail Fetcher
[2026-04-11 00:51:46] 📊 DB: 94 total | 87 with basic specs | 7 need specs
[2026-04-11 00:51:46] 📋 Processing 7 monitors
[2026-04-11 00:52:55] ✅ Done — updated:7 errors:0
